<?xml version="1.0" encoding="UTF-8"?>
<testng-results ignored="2" total="3" passed="1" failed="0" skipped="0">
  <reporter-output>
  </reporter-output>
  <suite started-at="2022-07-03T17:34:54 EDT" name="Suite" finished-at="2022-07-03T17:34:56 EDT" duration-ms="2151">
    <groups>
      <group name="Smoke">
        <method signature="GroupingTestNG.login()[pri:0, instance:com.grouping.GroupingTestNG@15c43bd9]" name="login" class="com.grouping.GroupingTestNG"/>
      </group> <!-- Smoke -->
    </groups>
    <test started-at="2022-07-03T17:34:54 EDT" name="Test" finished-at="2022-07-03T17:34:56 EDT" duration-ms="2151">
      <class name="com.grouping.GroupingTestNG">
        <test-method signature="login()[pri:0, instance:com.grouping.GroupingTestNG@15c43bd9]" started-at="2022-07-03T17:34:54 EDT" name="login" finished-at="2022-07-03T17:34:56 EDT" duration-ms="2117" status="PASS">
          <reporter-output>
          </reporter-output>
        </test-method> <!-- login -->
      </class> <!-- com.grouping.GroupingTestNG -->
    </test> <!-- Test -->
  </suite> <!-- Suite -->
</testng-results>
