<?xml version="1.0" encoding="UTF-8"?>
<!-- Generated by org.testng.reporters.JUnitXMLReporter -->
<testsuite ignored="2" hostname="DESKTOP-D6DO249" failures="0" tests="1" name="Test" time="2.151" errors="0" timestamp="2022-07-03T17:34:56 EDT">
  <testcase classname="com.grouping.GroupingTestNG" name="login" time="2.117"/>
  <testcase classname="com.grouping.GroupingTestNG" name="getLogo" time="0.0">
    <ignored/>
  </testcase> <!-- getLogo -->
  <testcase classname="com.grouping.GroupingTestNG" name="getTiltle" time="0.0">
    <ignored/>
  </testcase> <!-- getTiltle -->
</testsuite> <!-- Test -->
